Downloading http://yann.lecun.com/exdb/mnist/train-images-idx3-ubyte.gz
Downloading http://yann.lecun.com/exdb/mnist/train-images-idx3-ubyte.gz to ../data/MNIST/raw/train-images-idx3-ubyte.gz
  0%|          | 0/9912422 [00:00<?, ?it/s]
  2%|▏         | 160768/9912422 [00:00<00:07, 1383810.02it/s]
  4%|▍         | 435200/9912422 [00:00<00:04, 2012472.52it/s]
  6%|▋         | 637952/9912422 [00:00<00:06, 1488567.21it/s]
 10%|█         | 1026048/9912422 [00:00<00:05, 1539884.99it/s]
 12%|█▏        | 1196032/9912422 [00:00<00:05, 1507957.80it/s]
 20%|██        | 2003968/9912422 [00:00<00:02, 3029406.67it/s]
 25%|██▌       | 2497536/9912422 [00:01<00:02, 3367732.37it/s]
 29%|██▉       | 2873344/9912422 [00:01<00:02, 3188391.18it/s]
 32%|███▏      | 3218432/9912422 [00:01<00:02, 3028283.62it/s]
 36%|███▌      | 3538944/9912422 [00:01<00:02, 3043431.26it/s]
 39%|███▉      | 3856384/9912422 [00:01<00:02, 2943451.75it/s]
 45%|████▌     | 4495360/9912422 [00:01<00:01, 3824412.07it/s]
 50%|████▉     | 4930560/9912422 [00:01<00:01, 3904947.29it/s]
 55%|█████▍    | 5435392/9912422 [00:01<00:01, 4167493.96it/s]
 60%|█████▉    | 5923840/9912422 [00:01<00:00, 4319386.86it/s]
 66%|██████▌   | 6518784/9912422 [00:02<00:00, 4225900.46it/s]
 71%|███████▏  | 7069696/9912422 [00:02<00:00, 4527132.60it/s]
 76%|███████▌  | 7531520/9912422 [00:02<00:00, 4392906.47it/s]
 82%|████████▏ | 8112128/9912422 [00:02<00:00, 4747566.47it/s]
 87%|████████▋ | 8662016/9912422 [00:02<00:00, 4957261.41it/s]
 92%|█████████▏| 9164800/9912422 [00:02<00:00, 4593672.64it/s]
 97%|█████████▋| 9633792/9912422 [00:02<00:00, 4270444.77it/s]
9913344it [00:02, 3536689.82it/s]                             Extracting ../data/MNIST/raw/train-images-idx3-ubyte.gz to ../data/MNIST/raw

Downloading http://yann.lecun.com/exdb/mnist/train-labels-idx1-ubyte.gz
Downloading http://yann.lecun.com/exdb/mnist/train-labels-idx1-ubyte.gz to ../data/MNIST/raw/train-labels-idx1-ubyte.gz

  0%|          | 0/28881 [00:00<?, ?it/s]
29696it [00:00, 3915808.97it/s]          
  0%|          | 0/1648877 [00:00<?, ?it/s]Extracting ../data/MNIST/raw/train-labels-idx1-ubyte.gz to ../data/MNIST/raw

Downloading http://yann.lecun.com/exdb/mnist/t10k-images-idx3-ubyte.gz
Downloading http://yann.lecun.com/exdb/mnist/t10k-images-idx3-ubyte.gz to ../data/MNIST/raw/t10k-images-idx3-ubyte.gz
  8%|▊         | 128000/1648877 [00:00<00:02, 660368.38it/s]
 19%|█▉        | 312320/1648877 [00:00<00:01, 1162028.99it/s]
 42%|████▏     | 696320/1648877 [00:00<00:00, 2114789.64it/s]
 65%|██████▍   | 1071104/1648877 [00:00<00:00, 2611536.37it/s]
 82%|████████▏ | 1352704/1648877 [00:00<00:00, 1772718.67it/s]
 97%|█████████▋| 1596416/1648877 [00:00<00:00, 1650078.23it/s]
1649664it [00:00, 1741874.06it/s]                             Extracting ../data/MNIST/raw/t10k-images-idx3-ubyte.gz to ../data/MNIST/raw

Downloading http://yann.lecun.com/exdb/mnist/t10k-labels-idx1-ubyte.gz
Downloading http://yann.lecun.com/exdb/mnist/t10k-labels-idx1-ubyte.gz to ../data/MNIST/raw/t10k-labels-idx1-ubyte.gz

  0%|          | 0/4542 [00:00<?, ?it/s]
5120it [00:00, 17544801.05it/s]         Extracting ../data/MNIST/raw/t10k-labels-idx1-ubyte.gz to ../data/MNIST/raw

Train Epoch: 1 [0/60000 (0%)]	Loss: 2.305400
Train Epoch: 1 [640/60000 (1%)]	Loss: 1.358980
Train Epoch: 1 [1280/60000 (2%)]	Loss: 0.862895
Train Epoch: 1 [1920/60000 (3%)]	Loss: 0.588242
Train Epoch: 1 [2560/60000 (4%)]	Loss: 0.344540
Train Epoch: 1 [3200/60000 (5%)]	Loss: 0.436769
Train Epoch: 1 [3840/60000 (6%)]	Loss: 0.260234
Train Epoch: 1 [4480/60000 (7%)]	Loss: 0.291517
Train Epoch: 1 [5120/60000 (9%)]	Loss: 0.548768
Train Epoch: 1 [5760/60000 (10%)]	Loss: 0.229064
Train Epoch: 1 [6400/60000 (11%)]	Loss: 0.256919
Train Epoch: 1 [7040/60000 (12%)]	Loss: 0.325944
Train Epoch: 1 [7680/60000 (13%)]	Loss: 0.182787
Train Epoch: 1 [8320/60000 (14%)]	Loss: 0.222929
Train Epoch: 1 [8960/60000 (15%)]	Loss: 0.250860
Train Epoch: 1 [9600/60000 (16%)]	Loss: 0.115535
Train Epoch: 1 [10240/60000 (17%)]	Loss: 0.291817
Train Epoch: 1 [10880/60000 (18%)]	Loss: 0.104538
Train Epoch: 1 [11520/60000 (19%)]	Loss: 0.423641
Train Epoch: 1 [12160/60000 (20%)]	Loss: 0.265125
Train Epoch: 1 [12800/60000 (21%)]	Loss: 0.228689
Train Epoch: 1 [13440/60000 (22%)]	Loss: 0.212150
Train Epoch: 1 [14080/60000 (23%)]	Loss: 0.144838
Train Epoch: 1 [14720/60000 (25%)]	Loss: 0.395401
Train Epoch: 1 [15360/60000 (26%)]	Loss: 0.141356
Train Epoch: 1 [16000/60000 (27%)]	Loss: 0.136433
Train Epoch: 1 [16640/60000 (28%)]	Loss: 0.202155
Train Epoch: 1 [17280/60000 (29%)]	Loss: 0.068605
Train Epoch: 1 [17920/60000 (30%)]	Loss: 0.190426
Train Epoch: 1 [18560/60000 (31%)]	Loss: 0.190940
Train Epoch: 1 [19200/60000 (32%)]	Loss: 0.267266
Train Epoch: 1 [19840/60000 (33%)]	Loss: 0.074468
Train Epoch: 1 [20480/60000 (34%)]	Loss: 0.051595
Train Epoch: 1 [21120/60000 (35%)]	Loss: 0.234107
Train Epoch: 1 [21760/60000 (36%)]	Loss: 0.007340
Train Epoch: 1 [22400/60000 (37%)]	Loss: 0.108690
Train Epoch: 1 [23040/60000 (38%)]	Loss: 0.229561
Train Epoch: 1 [23680/60000 (39%)]	Loss: 0.097024
Train Epoch: 1 [24320/60000 (41%)]	Loss: 0.016076
Train Epoch: 1 [24960/60000 (42%)]	Loss: 0.104997
Train Epoch: 1 [25600/60000 (43%)]	Loss: 0.130599
Train Epoch: 1 [26240/60000 (44%)]	Loss: 0.077702
Train Epoch: 1 [26880/60000 (45%)]	Loss: 0.276852
Train Epoch: 1 [27520/60000 (46%)]	Loss: 0.264659
Train Epoch: 1 [28160/60000 (47%)]	Loss: 0.122009
Train Epoch: 1 [28800/60000 (48%)]	Loss: 0.138861
Train Epoch: 1 [29440/60000 (49%)]	Loss: 0.033954
Train Epoch: 1 [30080/60000 (50%)]	Loss: 0.173689
Train Epoch: 1 [30720/60000 (51%)]	Loss: 0.039363
Train Epoch: 1 [31360/60000 (52%)]	Loss: 0.081545
Train Epoch: 1 [32000/60000 (53%)]	Loss: 0.183843
Train Epoch: 1 [32640/60000 (54%)]	Loss: 0.117732
Train Epoch: 1 [33280/60000 (55%)]	Loss: 0.048445
Train Epoch: 1 [33920/60000 (57%)]	Loss: 0.027816
Train Epoch: 1 [34560/60000 (58%)]	Loss: 0.013217
Train Epoch: 1 [35200/60000 (59%)]	Loss: 0.258951
Train Epoch: 1 [35840/60000 (60%)]	Loss: 0.186110
Train Epoch: 1 [36480/60000 (61%)]	Loss: 0.032813
Train Epoch: 1 [37120/60000 (62%)]	Loss: 0.098892
Train Epoch: 1 [37760/60000 (63%)]	Loss: 0.160088
Train Epoch: 1 [38400/60000 (64%)]	Loss: 0.133720
Train Epoch: 1 [39040/60000 (65%)]	Loss: 0.056623
Train Epoch: 1 [39680/60000 (66%)]	Loss: 0.044922
Train Epoch: 1 [40320/60000 (67%)]	Loss: 0.113130
Train Epoch: 1 [40960/60000 (68%)]	Loss: 0.150093
Train Epoch: 1 [41600/60000 (69%)]	Loss: 0.083448
Train Epoch: 1 [42240/60000 (70%)]	Loss: 0.108179
Train Epoch: 1 [42880/60000 (71%)]	Loss: 0.136090
Train Epoch: 1 [43520/60000 (72%)]	Loss: 0.216639
Train Epoch: 1 [44160/60000 (74%)]	Loss: 0.074597
Train Epoch: 1 [44800/60000 (75%)]	Loss: 0.150888
Train Epoch: 1 [45440/60000 (76%)]	Loss: 0.207639
Train Epoch: 1 [46080/60000 (77%)]	Loss: 0.124992
Train Epoch: 1 [46720/60000 (78%)]	Loss: 0.172650
Train Epoch: 1 [47360/60000 (79%)]	Loss: 0.103076
Train Epoch: 1 [48000/60000 (80%)]	Loss: 0.068896
Train Epoch: 1 [48640/60000 (81%)]	Loss: 0.019953
Train Epoch: 1 [49280/60000 (82%)]	Loss: 0.067736
Train Epoch: 1 [49920/60000 (83%)]	Loss: 0.047486
Train Epoch: 1 [50560/60000 (84%)]	Loss: 0.095004
Train Epoch: 1 [51200/60000 (85%)]	Loss: 0.247516
Train Epoch: 1 [51840/60000 (86%)]	Loss: 0.029349
Train Epoch: 1 [52480/60000 (87%)]	Loss: 0.050333
Train Epoch: 1 [53120/60000 (88%)]	Loss: 0.171884
Train Epoch: 1 [53760/60000 (90%)]	Loss: 0.073603
Train Epoch: 1 [54400/60000 (91%)]	Loss: 0.073687
Train Epoch: 1 [55040/60000 (92%)]	Loss: 0.065259
Train Epoch: 1 [55680/60000 (93%)]	Loss: 0.122429
Train Epoch: 1 [56320/60000 (94%)]	Loss: 0.108410
Train Epoch: 1 [56960/60000 (95%)]	Loss: 0.074441
Train Epoch: 1 [57600/60000 (96%)]	Loss: 0.160044
Train Epoch: 1 [58240/60000 (97%)]	Loss: 0.040533
Train Epoch: 1 [58880/60000 (98%)]	Loss: 0.012666
Train Epoch: 1 [59520/60000 (99%)]	Loss: 0.000973

Test set: Average loss: 0.0481, Accuracy: 9844/10000 (98%)

Train Epoch: 2 [0/60000 (0%)]	Loss: 0.111110
Train Epoch: 2 [640/60000 (1%)]	Loss: 0.044097
Train Epoch: 2 [1280/60000 (2%)]	Loss: 0.064761
Train Epoch: 2 [1920/60000 (3%)]	Loss: 0.111699
Train Epoch: 2 [2560/60000 (4%)]	Loss: 0.057315
Train Epoch: 2 [3200/60000 (5%)]	Loss: 0.062010
Train Epoch: 2 [3840/60000 (6%)]	Loss: 0.007532
Train Epoch: 2 [4480/60000 (7%)]	Loss: 0.048002
Train Epoch: 2 [5120/60000 (9%)]	Loss: 0.120935
Train Epoch: 2 [5760/60000 (10%)]	Loss: 0.117525
Train Epoch: 2 [6400/60000 (11%)]	Loss: 0.271027
Train Epoch: 2 [7040/60000 (12%)]	Loss: 0.163501
Train Epoch: 2 [7680/60000 (13%)]	Loss: 0.086704
Train Epoch: 2 [8320/60000 (14%)]	Loss: 0.019799
Train Epoch: 2 [8960/60000 (15%)]	Loss: 0.108410
Train Epoch: 2 [9600/60000 (16%)]	Loss: 0.057527
Train Epoch: 2 [10240/60000 (17%)]	Loss: 0.079000
Train Epoch: 2 [10880/60000 (18%)]	Loss: 0.027943
Train Epoch: 2 [11520/60000 (19%)]	Loss: 0.143224
Train Epoch: 2 [12160/60000 (20%)]	Loss: 0.059389
Train Epoch: 2 [12800/60000 (21%)]	Loss: 0.097067
Train Epoch: 2 [13440/60000 (22%)]	Loss: 0.006252
Train Epoch: 2 [14080/60000 (23%)]	Loss: 0.019128
Train Epoch: 2 [14720/60000 (25%)]	Loss: 0.112426
Train Epoch: 2 [15360/60000 (26%)]	Loss: 0.114503
Train Epoch: 2 [16000/60000 (27%)]	Loss: 0.080095
Train Epoch: 2 [16640/60000 (28%)]	Loss: 0.132912
Train Epoch: 2 [17280/60000 (29%)]	Loss: 0.006913
Train Epoch: 2 [17920/60000 (30%)]	Loss: 0.047331
Train Epoch: 2 [18560/60000 (31%)]	Loss: 0.088495
Train Epoch: 2 [19200/60000 (32%)]	Loss: 0.098235
Train Epoch: 2 [19840/60000 (33%)]	Loss: 0.143190
Train Epoch: 2 [20480/60000 (34%)]	Loss: 0.029339
Train Epoch: 2 [21120/60000 (35%)]	Loss: 0.108429
Train Epoch: 2 [21760/60000 (36%)]	Loss: 0.006233
Train Epoch: 2 [22400/60000 (37%)]	Loss: 0.007993
Train Epoch: 2 [23040/60000 (38%)]	Loss: 0.045505
Train Epoch: 2 [23680/60000 (39%)]	Loss: 0.079463
Train Epoch: 2 [24320/60000 (41%)]	Loss: 0.001413
Train Epoch: 2 [24960/60000 (42%)]	Loss: 0.006412
Train Epoch: 2 [25600/60000 (43%)]	Loss: 0.051971
Train Epoch: 2 [26240/60000 (44%)]	Loss: 0.043739
Train Epoch: 2 [26880/60000 (45%)]	Loss: 0.152074
Train Epoch: 2 [27520/60000 (46%)]	Loss: 0.043616
Train Epoch: 2 [28160/60000 (47%)]	Loss: 0.129750
Train Epoch: 2 [28800/60000 (48%)]	Loss: 0.006696
Train Epoch: 2 [29440/60000 (49%)]	Loss: 0.015335
Train Epoch: 2 [30080/60000 (50%)]	Loss: 0.031696
Train Epoch: 2 [30720/60000 (51%)]	Loss: 0.059852
Train Epoch: 2 [31360/60000 (52%)]	Loss: 0.064611
Train Epoch: 2 [32000/60000 (53%)]	Loss: 0.146110
Train Epoch: 2 [32640/60000 (54%)]	Loss: 0.092254
Train Epoch: 2 [33280/60000 (55%)]	Loss: 0.068820
Train Epoch: 2 [33920/60000 (57%)]	Loss: 0.004815
Train Epoch: 2 [34560/60000 (58%)]	Loss: 0.026738
Train Epoch: 2 [35200/60000 (59%)]	Loss: 0.083537
Train Epoch: 2 [35840/60000 (60%)]	Loss: 0.070730
Train Epoch: 2 [36480/60000 (61%)]	Loss: 0.054752
Train Epoch: 2 [37120/60000 (62%)]	Loss: 0.048754
Train Epoch: 2 [37760/60000 (63%)]	Loss: 0.079775
Train Epoch: 2 [38400/60000 (64%)]	Loss: 0.057280
Train Epoch: 2 [39040/60000 (65%)]	Loss: 0.003489
Train Epoch: 2 [39680/60000 (66%)]	Loss: 0.035442
Train Epoch: 2 [40320/60000 (67%)]	Loss: 0.073873
Train Epoch: 2 [40960/60000 (68%)]	Loss: 0.076358
Train Epoch: 2 [41600/60000 (69%)]	Loss: 0.073438
Train Epoch: 2 [42240/60000 (70%)]	Loss: 0.036002
Train Epoch: 2 [42880/60000 (71%)]	Loss: 0.078084
Train Epoch: 2 [43520/60000 (72%)]	Loss: 0.058167
Train Epoch: 2 [44160/60000 (74%)]	Loss: 0.002307
Train Epoch: 2 [44800/60000 (75%)]	Loss: 0.053050
Train Epoch: 2 [45440/60000 (76%)]	Loss: 0.072025
Train Epoch: 2 [46080/60000 (77%)]	Loss: 0.085700
Train Epoch: 2 [46720/60000 (78%)]	Loss: 0.069374
Train Epoch: 2 [47360/60000 (79%)]	Loss: 0.058572
Train Epoch: 2 [48000/60000 (80%)]	Loss: 0.048084
Train Epoch: 2 [48640/60000 (81%)]	Loss: 0.044937
Train Epoch: 2 [49280/60000 (82%)]	Loss: 0.014967
Train Epoch: 2 [49920/60000 (83%)]	Loss: 0.023285
Train Epoch: 2 [50560/60000 (84%)]	Loss: 0.060194
Train Epoch: 2 [51200/60000 (85%)]	Loss: 0.091989
Train Epoch: 2 [51840/60000 (86%)]	Loss: 0.045669
Train Epoch: 2 [52480/60000 (87%)]	Loss: 0.014529
Train Epoch: 2 [53120/60000 (88%)]	Loss: 0.030479
Train Epoch: 2 [53760/60000 (90%)]	Loss: 0.105977
Train Epoch: 2 [54400/60000 (91%)]	Loss: 0.066120
Train Epoch: 2 [55040/60000 (92%)]	Loss: 0.051414
Train Epoch: 2 [55680/60000 (93%)]	Loss: 0.051207
Train Epoch: 2 [56320/60000 (94%)]	Loss: 0.030787
Train Epoch: 2 [56960/60000 (95%)]	Loss: 0.014421
Train Epoch: 2 [57600/60000 (96%)]	Loss: 0.013259
Train Epoch: 2 [58240/60000 (97%)]	Loss: 0.004769
Train Epoch: 2 [58880/60000 (98%)]	Loss: 0.037553
Train Epoch: 2 [59520/60000 (99%)]	Loss: 0.007181

Test set: Average loss: 0.0360, Accuracy: 9869/10000 (99%)

Train Epoch: 3 [0/60000 (0%)]	Loss: 0.032240
Train Epoch: 3 [640/60000 (1%)]	Loss: 0.020272
Train Epoch: 3 [1280/60000 (2%)]	Loss: 0.028168
Train Epoch: 3 [1920/60000 (3%)]	Loss: 0.068013
Train Epoch: 3 [2560/60000 (4%)]	Loss: 0.051420
Train Epoch: 3 [3200/60000 (5%)]	Loss: 0.045680
Train Epoch: 3 [3840/60000 (6%)]	Loss: 0.017628
Train Epoch: 3 [4480/60000 (7%)]	Loss: 0.016429
Train Epoch: 3 [5120/60000 (9%)]	Loss: 0.057144
Train Epoch: 3 [5760/60000 (10%)]	Loss: 0.027411
Train Epoch: 3 [6400/60000 (11%)]	Loss: 0.058088
Train Epoch: 3 [7040/60000 (12%)]	Loss: 0.196415
Train Epoch: 3 [7680/60000 (13%)]	Loss: 0.017527
Train Epoch: 3 [8320/60000 (14%)]	Loss: 0.058837
Train Epoch: 3 [8960/60000 (15%)]	Loss: 0.059433
Train Epoch: 3 [9600/60000 (16%)]	Loss: 0.089920
Train Epoch: 3 [10240/60000 (17%)]	Loss: 0.198724
Train Epoch: 3 [10880/60000 (18%)]	Loss: 0.008628
Train Epoch: 3 [11520/60000 (19%)]	Loss: 0.069865
Train Epoch: 3 [12160/60000 (20%)]	Loss: 0.022250
Train Epoch: 3 [12800/60000 (21%)]	Loss: 0.065123
Train Epoch: 3 [13440/60000 (22%)]	Loss: 0.017260
Train Epoch: 3 [14080/60000 (23%)]	Loss: 0.017386
Train Epoch: 3 [14720/60000 (25%)]	Loss: 0.114177
Train Epoch: 3 [15360/60000 (26%)]	Loss: 0.028780
Train Epoch: 3 [16000/60000 (27%)]	Loss: 0.033866
Train Epoch: 3 [16640/60000 (28%)]	Loss: 0.094028
Train Epoch: 3 [17280/60000 (29%)]	Loss: 0.001561
Train Epoch: 3 [17920/60000 (30%)]	Loss: 0.015121
Train Epoch: 3 [18560/60000 (31%)]	Loss: 0.025381
Train Epoch: 3 [19200/60000 (32%)]	Loss: 0.100369
Train Epoch: 3 [19840/60000 (33%)]	Loss: 0.075490
Train Epoch: 3 [20480/60000 (34%)]	Loss: 0.001950
Train Epoch: 3 [21120/60000 (35%)]	Loss: 0.103304
Train Epoch: 3 [21760/60000 (36%)]	Loss: 0.036684
Train Epoch: 3 [22400/60000 (37%)]	Loss: 0.001128
Train Epoch: 3 [23040/60000 (38%)]	Loss: 0.065630
Train Epoch: 3 [23680/60000 (39%)]	Loss: 0.015865
Train Epoch: 3 [24320/60000 (41%)]	Loss: 0.001389
Train Epoch: 3 [24960/60000 (42%)]	Loss: 0.010440
Train Epoch: 3 [25600/60000 (43%)]	Loss: 0.056248
Train Epoch: 3 [26240/60000 (44%)]	Loss: 0.037631
Train Epoch: 3 [26880/60000 (45%)]	Loss: 0.040713
Train Epoch: 3 [27520/60000 (46%)]	Loss: 0.086469
Train Epoch: 3 [28160/60000 (47%)]	Loss: 0.093530
Train Epoch: 3 [28800/60000 (48%)]	Loss: 0.022702
Train Epoch: 3 [29440/60000 (49%)]	Loss: 0.009077
Train Epoch: 3 [30080/60000 (50%)]	Loss: 0.042528
Train Epoch: 3 [30720/60000 (51%)]	Loss: 0.059688
Train Epoch: 3 [31360/60000 (52%)]	Loss: 0.103361
Train Epoch: 3 [32000/60000 (53%)]	Loss: 0.027339
Train Epoch: 3 [32640/60000 (54%)]	Loss: 0.005338
Train Epoch: 3 [33280/60000 (55%)]	Loss: 0.023342
Train Epoch: 3 [33920/60000 (57%)]	Loss: 0.001623
Train Epoch: 3 [34560/60000 (58%)]	Loss: 0.004052
Train Epoch: 3 [35200/60000 (59%)]	Loss: 0.093198
Train Epoch: 3 [35840/60000 (60%)]	Loss: 0.049504
Train Epoch: 3 [36480/60000 (61%)]	Loss: 0.015852
Train Epoch: 3 [37120/60000 (62%)]	Loss: 0.060112
Train Epoch: 3 [37760/60000 (63%)]	Loss: 0.049447
Train Epoch: 3 [38400/60000 (64%)]	Loss: 0.048087
Train Epoch: 3 [39040/60000 (65%)]	Loss: 0.006069
Train Epoch: 3 [39680/60000 (66%)]	Loss: 0.030710
Train Epoch: 3 [40320/60000 (67%)]	Loss: 0.040763
Train Epoch: 3 [40960/60000 (68%)]	Loss: 0.082461
Train Epoch: 3 [41600/60000 (69%)]	Loss: 0.075711
Train Epoch: 3 [42240/60000 (70%)]	Loss: 0.009891
Train Epoch: 3 [42880/60000 (71%)]	Loss: 0.031401
Train Epoch: 3 [43520/60000 (72%)]	Loss: 0.057110
Train Epoch: 3 [44160/60000 (74%)]	Loss: 0.010514
Train Epoch: 3 [44800/60000 (75%)]	Loss: 0.047435
Train Epoch: 3 [45440/60000 (76%)]	Loss: 0.060519
Train Epoch: 3 [46080/60000 (77%)]	Loss: 0.074788
Train Epoch: 3 [46720/60000 (78%)]	Loss: 0.043541
Train Epoch: 3 [47360/60000 (79%)]	Loss: 0.091078
Train Epoch: 3 [48000/60000 (80%)]	Loss: 0.025780
Train Epoch: 3 [48640/60000 (81%)]	Loss: 0.018381
Train Epoch: 3 [49280/60000 (82%)]	Loss: 0.002307
Train Epoch: 3 [49920/60000 (83%)]	Loss: 0.019551
Train Epoch: 3 [50560/60000 (84%)]	Loss: 0.035813
Train Epoch: 3 [51200/60000 (85%)]	Loss: 0.026998
Train Epoch: 3 [51840/60000 (86%)]	Loss: 0.034794
Train Epoch: 3 [52480/60000 (87%)]	Loss: 0.006392
Train Epoch: 3 [53120/60000 (88%)]	Loss: 0.022838
Train Epoch: 3 [53760/60000 (90%)]	Loss: 0.133721
Train Epoch: 3 [54400/60000 (91%)]	Loss: 0.016514
Train Epoch: 3 [55040/60000 (92%)]	Loss: 0.013547
Train Epoch: 3 [55680/60000 (93%)]	Loss: 0.026510
Train Epoch: 3 [56320/60000 (94%)]	Loss: 0.022662
Train Epoch: 3 [56960/60000 (95%)]	Loss: 0.014253
Train Epoch: 3 [57600/60000 (96%)]	Loss: 0.056425
Train Epoch: 3 [58240/60000 (97%)]	Loss: 0.003948
Train Epoch: 3 [58880/60000 (98%)]	Loss: 0.020888
Train Epoch: 3 [59520/60000 (99%)]	Loss: 0.003426

Test set: Average loss: 0.0339, Accuracy: 9884/10000 (99%)

Train Epoch: 4 [0/60000 (0%)]	Loss: 0.017332
Train Epoch: 4 [640/60000 (1%)]	Loss: 0.007388
Train Epoch: 4 [1280/60000 (2%)]	Loss: 0.021540
Train Epoch: 4 [1920/60000 (3%)]	Loss: 0.031478
Train Epoch: 4 [2560/60000 (4%)]	Loss: 0.004360
Train Epoch: 4 [3200/60000 (5%)]	Loss: 0.016070
Train Epoch: 4 [3840/60000 (6%)]	Loss: 0.017270
Train Epoch: 4 [4480/60000 (7%)]	Loss: 0.046395
Train Epoch: 4 [5120/60000 (9%)]	Loss: 0.205595
Train Epoch: 4 [5760/60000 (10%)]	Loss: 0.025276
Train Epoch: 4 [6400/60000 (11%)]	Loss: 0.122544
Train Epoch: 4 [7040/60000 (12%)]	Loss: 0.064364
Train Epoch: 4 [7680/60000 (13%)]	Loss: 0.007358
Train Epoch: 4 [8320/60000 (14%)]	Loss: 0.011975
Train Epoch: 4 [8960/60000 (15%)]	Loss: 0.071787
Train Epoch: 4 [9600/60000 (16%)]	Loss: 0.028350
Train Epoch: 4 [10240/60000 (17%)]	Loss: 0.080951
Train Epoch: 4 [10880/60000 (18%)]	Loss: 0.019957
Train Epoch: 4 [11520/60000 (19%)]	Loss: 0.083816
Train Epoch: 4 [12160/60000 (20%)]	Loss: 0.016401
Train Epoch: 4 [12800/60000 (21%)]	Loss: 0.020180
Train Epoch: 4 [13440/60000 (22%)]	Loss: 0.004127
Train Epoch: 4 [14080/60000 (23%)]	Loss: 0.002334
Train Epoch: 4 [14720/60000 (25%)]	Loss: 0.155903
Train Epoch: 4 [15360/60000 (26%)]	Loss: 0.007478
Train Epoch: 4 [16000/60000 (27%)]	Loss: 0.038176
Train Epoch: 4 [16640/60000 (28%)]	Loss: 0.162477
Train Epoch: 4 [17280/60000 (29%)]	Loss: 0.002483
Train Epoch: 4 [17920/60000 (30%)]	Loss: 0.072675
Train Epoch: 4 [18560/60000 (31%)]	Loss: 0.001851
Train Epoch: 4 [19200/60000 (32%)]	Loss: 0.025253
Train Epoch: 4 [19840/60000 (33%)]	Loss: 0.050932
Train Epoch: 4 [20480/60000 (34%)]	Loss: 0.018623
Train Epoch: 4 [21120/60000 (35%)]	Loss: 0.060488
Train Epoch: 4 [21760/60000 (36%)]	Loss: 0.015083
Train Epoch: 4 [22400/60000 (37%)]	Loss: 0.003344
Train Epoch: 4 [23040/60000 (38%)]	Loss: 0.183100
Train Epoch: 4 [23680/60000 (39%)]	Loss: 0.039208
Train Epoch: 4 [24320/60000 (41%)]	Loss: 0.019370
Train Epoch: 4 [24960/60000 (42%)]	Loss: 0.002973
Train Epoch: 4 [25600/60000 (43%)]	Loss: 0.073147
Train Epoch: 4 [26240/60000 (44%)]	Loss: 0.019693
Train Epoch: 4 [26880/60000 (45%)]	Loss: 0.077696
Train Epoch: 4 [27520/60000 (46%)]	Loss: 0.051234
Train Epoch: 4 [28160/60000 (47%)]	Loss: 0.057097
Train Epoch: 4 [28800/60000 (48%)]	Loss: 0.002518
Train Epoch: 4 [29440/60000 (49%)]	Loss: 0.010464
Train Epoch: 4 [30080/60000 (50%)]	Loss: 0.006613
Train Epoch: 4 [30720/60000 (51%)]	Loss: 0.005234
Train Epoch: 4 [31360/60000 (52%)]	Loss: 0.005910
Train Epoch: 4 [32000/60000 (53%)]	Loss: 0.125194
Train Epoch: 4 [32640/60000 (54%)]	Loss: 0.003041
Train Epoch: 4 [33280/60000 (55%)]	Loss: 0.054800
Train Epoch: 4 [33920/60000 (57%)]	Loss: 0.003152
Train Epoch: 4 [34560/60000 (58%)]	Loss: 0.004863
Train Epoch: 4 [35200/60000 (59%)]	Loss: 0.059517
Train Epoch: 4 [35840/60000 (60%)]	Loss: 0.033853
Train Epoch: 4 [36480/60000 (61%)]	Loss: 0.001008
Train Epoch: 4 [37120/60000 (62%)]	Loss: 0.033179
Train Epoch: 4 [37760/60000 (63%)]	Loss: 0.108497
Train Epoch: 4 [38400/60000 (64%)]	Loss: 0.086760
Train Epoch: 4 [39040/60000 (65%)]	Loss: 0.007329
Train Epoch: 4 [39680/60000 (66%)]	Loss: 0.044758
Train Epoch: 4 [40320/60000 (67%)]	Loss: 0.017509
Train Epoch: 4 [40960/60000 (68%)]	Loss: 0.050993
Train Epoch: 4 [41600/60000 (69%)]	Loss: 0.028464
Train Epoch: 4 [42240/60000 (70%)]	Loss: 0.032385
Train Epoch: 4 [42880/60000 (71%)]	Loss: 0.004914
Train Epoch: 4 [43520/60000 (72%)]	Loss: 0.023871
Train Epoch: 4 [44160/60000 (74%)]	Loss: 0.004523
Train Epoch: 4 [44800/60000 (75%)]	Loss: 0.055201
Train Epoch: 4 [45440/60000 (76%)]	Loss: 0.068881
Train Epoch: 4 [46080/60000 (77%)]	Loss: 0.036784
Train Epoch: 4 [46720/60000 (78%)]	Loss: 0.046587
Train Epoch: 4 [47360/60000 (79%)]	Loss: 0.045742
Train Epoch: 4 [48000/60000 (80%)]	Loss: 0.011532
Train Epoch: 4 [48640/60000 (81%)]	Loss: 0.014697
Train Epoch: 4 [49280/60000 (82%)]	Loss: 0.007449
Train Epoch: 4 [49920/60000 (83%)]	Loss: 0.019613
Train Epoch: 4 [50560/60000 (84%)]	Loss: 0.013925
Train Epoch: 4 [51200/60000 (85%)]	Loss: 0.100574
Train Epoch: 4 [51840/60000 (86%)]	Loss: 0.015443
Train Epoch: 4 [52480/60000 (87%)]	Loss: 0.003953
Train Epoch: 4 [53120/60000 (88%)]	Loss: 0.002411
Train Epoch: 4 [53760/60000 (90%)]	Loss: 0.113437
Train Epoch: 4 [54400/60000 (91%)]	Loss: 0.046517
Train Epoch: 4 [55040/60000 (92%)]	Loss: 0.002542
Train Epoch: 4 [55680/60000 (93%)]	Loss: 0.028393
Train Epoch: 4 [56320/60000 (94%)]	Loss: 0.035641
Train Epoch: 4 [56960/60000 (95%)]	Loss: 0.004329
Train Epoch: 4 [57600/60000 (96%)]	Loss: 0.064269
Train Epoch: 4 [58240/60000 (97%)]	Loss: 0.059795
Train Epoch: 4 [58880/60000 (98%)]	Loss: 0.000867
Train Epoch: 4 [59520/60000 (99%)]	Loss: 0.002480

Test set: Average loss: 0.0314, Accuracy: 9894/10000 (99%)

Train Epoch: 5 [0/60000 (0%)]	Loss: 0.009347
Train Epoch: 5 [640/60000 (1%)]	Loss: 0.005149
Train Epoch: 5 [1280/60000 (2%)]	Loss: 0.013513
Train Epoch: 5 [1920/60000 (3%)]	Loss: 0.041695
Train Epoch: 5 [2560/60000 (4%)]	Loss: 0.036581
Train Epoch: 5 [3200/60000 (5%)]	Loss: 0.003938
Train Epoch: 5 [3840/60000 (6%)]	Loss: 0.001405
Train Epoch: 5 [4480/60000 (7%)]	Loss: 0.037845
Train Epoch: 5 [5120/60000 (9%)]	Loss: 0.211044
Train Epoch: 5 [5760/60000 (10%)]	Loss: 0.018929
Train Epoch: 5 [6400/60000 (11%)]	Loss: 0.102407
Train Epoch: 5 [7040/60000 (12%)]	Loss: 0.163299
Train Epoch: 5 [7680/60000 (13%)]	Loss: 0.015231
Train Epoch: 5 [8320/60000 (14%)]	Loss: 0.001507
Train Epoch: 5 [8960/60000 (15%)]	Loss: 0.044821
Train Epoch: 5 [9600/60000 (16%)]	Loss: 0.017741
Train Epoch: 5 [10240/60000 (17%)]	Loss: 0.042043
Train Epoch: 5 [10880/60000 (18%)]	Loss: 0.002339
Train Epoch: 5 [11520/60000 (19%)]	Loss: 0.028095
Train Epoch: 5 [12160/60000 (20%)]	Loss: 0.025620
Train Epoch: 5 [12800/60000 (21%)]	Loss: 0.007765
Train Epoch: 5 [13440/60000 (22%)]	Loss: 0.009529
Train Epoch: 5 [14080/60000 (23%)]	Loss: 0.002822
Train Epoch: 5 [14720/60000 (25%)]	Loss: 0.054418
Train Epoch: 5 [15360/60000 (26%)]	Loss: 0.007952
Train Epoch: 5 [16000/60000 (27%)]	Loss: 0.060045
Train Epoch: 5 [16640/60000 (28%)]	Loss: 0.137258
Train Epoch: 5 [17280/60000 (29%)]	Loss: 0.001990
Train Epoch: 5 [17920/60000 (30%)]	Loss: 0.017280
Train Epoch: 5 [18560/60000 (31%)]	Loss: 0.036531
Train Epoch: 5 [19200/60000 (32%)]	Loss: 0.013472
Train Epoch: 5 [19840/60000 (33%)]	Loss: 0.099746
Train Epoch: 5 [20480/60000 (34%)]	Loss: 0.008232
Train Epoch: 5 [21120/60000 (35%)]	Loss: 0.091481
Train Epoch: 5 [21760/60000 (36%)]	Loss: 0.003548
Train Epoch: 5 [22400/60000 (37%)]	Loss: 0.002199
Train Epoch: 5 [23040/60000 (38%)]	Loss: 0.095235
Train Epoch: 5 [23680/60000 (39%)]	Loss: 0.045500
Train Epoch: 5 [24320/60000 (41%)]	Loss: 0.001290
Train Epoch: 5 [24960/60000 (42%)]	Loss: 0.000645
Train Epoch: 5 [25600/60000 (43%)]	Loss: 0.009656
Train Epoch: 5 [26240/60000 (44%)]	Loss: 0.001665
Train Epoch: 5 [26880/60000 (45%)]	Loss: 0.074944
Train Epoch: 5 [27520/60000 (46%)]	Loss: 0.039151
Train Epoch: 5 [28160/60000 (47%)]	Loss: 0.053431
Train Epoch: 5 [28800/60000 (48%)]	Loss: 0.008402
Train Epoch: 5 [29440/60000 (49%)]	Loss: 0.058148
Train Epoch: 5 [30080/60000 (50%)]	Loss: 0.059583
Train Epoch: 5 [30720/60000 (51%)]	Loss: 0.001515
Train Epoch: 5 [31360/60000 (52%)]	Loss: 0.017918
Train Epoch: 5 [32000/60000 (53%)]	Loss: 0.024085
Train Epoch: 5 [32640/60000 (54%)]	Loss: 0.084597
Train Epoch: 5 [33280/60000 (55%)]	Loss: 0.012033
Train Epoch: 5 [33920/60000 (57%)]	Loss: 0.000891
Train Epoch: 5 [34560/60000 (58%)]	Loss: 0.002301
Train Epoch: 5 [35200/60000 (59%)]	Loss: 0.133298
Train Epoch: 5 [35840/60000 (60%)]	Loss: 0.014795
Train Epoch: 5 [36480/60000 (61%)]	Loss: 0.003888
Train Epoch: 5 [37120/60000 (62%)]	Loss: 0.048285
Train Epoch: 5 [37760/60000 (63%)]	Loss: 0.088468
Train Epoch: 5 [38400/60000 (64%)]	Loss: 0.052964
Train Epoch: 5 [39040/60000 (65%)]	Loss: 0.009711
Train Epoch: 5 [39680/60000 (66%)]	Loss: 0.020053
Train Epoch: 5 [40320/60000 (67%)]	Loss: 0.015476
Train Epoch: 5 [40960/60000 (68%)]	Loss: 0.037389
Train Epoch: 5 [41600/60000 (69%)]	Loss: 0.021907
Train Epoch: 5 [42240/60000 (70%)]	Loss: 0.012161
Train Epoch: 5 [42880/60000 (71%)]	Loss: 0.032092
Train Epoch: 5 [43520/60000 (72%)]	Loss: 0.014137
Train Epoch: 5 [44160/60000 (74%)]	Loss: 0.029252
Train Epoch: 5 [44800/60000 (75%)]	Loss: 0.043399
Train Epoch: 5 [45440/60000 (76%)]	Loss: 0.023684
Train Epoch: 5 [46080/60000 (77%)]	Loss: 0.041077
Train Epoch: 5 [46720/60000 (78%)]	Loss: 0.085078
Train Epoch: 5 [47360/60000 (79%)]	Loss: 0.023092
Train Epoch: 5 [48000/60000 (80%)]	Loss: 0.010971
Train Epoch: 5 [48640/60000 (81%)]	Loss: 0.009415
Train Epoch: 5 [49280/60000 (82%)]	Loss: 0.028305
Train Epoch: 5 [49920/60000 (83%)]	Loss: 0.056583
Train Epoch: 5 [50560/60000 (84%)]	Loss: 0.004953
Train Epoch: 5 [51200/60000 (85%)]	Loss: 0.114319
Train Epoch: 5 [51840/60000 (86%)]	Loss: 0.001883
Train Epoch: 5 [52480/60000 (87%)]	Loss: 0.000611
Train Epoch: 5 [53120/60000 (88%)]	Loss: 0.031230
Train Epoch: 5 [53760/60000 (90%)]	Loss: 0.104136
Train Epoch: 5 [54400/60000 (91%)]	Loss: 0.013082
Train Epoch: 5 [55040/60000 (92%)]	Loss: 0.003831
Train Epoch: 5 [55680/60000 (93%)]	Loss: 0.007679
Train Epoch: 5 [56320/60000 (94%)]	Loss: 0.028339
Train Epoch: 5 [56960/60000 (95%)]	Loss: 0.002080
Train Epoch: 5 [57600/60000 (96%)]	Loss: 0.009044
Train Epoch: 5 [58240/60000 (97%)]	Loss: 0.006362
Train Epoch: 5 [58880/60000 (98%)]	Loss: 0.000827
Train Epoch: 5 [59520/60000 (99%)]	Loss: 0.000313

Test set: Average loss: 0.0290, Accuracy: 9900/10000 (99%)

Train Epoch: 6 [0/60000 (0%)]	Loss: 0.010793
Train Epoch: 6 [640/60000 (1%)]	Loss: 0.022203
Train Epoch: 6 [1280/60000 (2%)]	Loss: 0.009415
Train Epoch: 6 [1920/60000 (3%)]	Loss: 0.046010
Train Epoch: 6 [2560/60000 (4%)]	Loss: 0.063661
Train Epoch: 6 [3200/60000 (5%)]	Loss: 0.023440
Train Epoch: 6 [3840/60000 (6%)]	Loss: 0.006091
Train Epoch: 6 [4480/60000 (7%)]	Loss: 0.016289
Train Epoch: 6 [5120/60000 (9%)]	Loss: 0.044917
Train Epoch: 6 [5760/60000 (10%)]	Loss: 0.019475
Train Epoch: 6 [6400/60000 (11%)]	Loss: 0.276488
Train Epoch: 6 [7040/60000 (12%)]	Loss: 0.144645
Train Epoch: 6 [7680/60000 (13%)]	Loss: 0.014370
Train Epoch: 6 [8320/60000 (14%)]	Loss: 0.002078
Train Epoch: 6 [8960/60000 (15%)]	Loss: 0.024879
Train Epoch: 6 [9600/60000 (16%)]	Loss: 0.057203
Train Epoch: 6 [10240/60000 (17%)]	Loss: 0.053063
Train Epoch: 6 [10880/60000 (18%)]	Loss: 0.011300
Train Epoch: 6 [11520/60000 (19%)]	Loss: 0.017383
Train Epoch: 6 [12160/60000 (20%)]	Loss: 0.014580
Train Epoch: 6 [12800/60000 (21%)]	Loss: 0.035698
Train Epoch: 6 [13440/60000 (22%)]	Loss: 0.008989
Train Epoch: 6 [14080/60000 (23%)]	Loss: 0.013364
Train Epoch: 6 [14720/60000 (25%)]	Loss: 0.088571
Train Epoch: 6 [15360/60000 (26%)]	Loss: 0.017113
Train Epoch: 6 [16000/60000 (27%)]	Loss: 0.033890
Train Epoch: 6 [16640/60000 (28%)]	Loss: 0.076198
Train Epoch: 6 [17280/60000 (29%)]	Loss: 0.003126
Train Epoch: 6 [17920/60000 (30%)]	Loss: 0.012064
Train Epoch: 6 [18560/60000 (31%)]	Loss: 0.005602
Train Epoch: 6 [19200/60000 (32%)]	Loss: 0.029595
Train Epoch: 6 [19840/60000 (33%)]	Loss: 0.020443
Train Epoch: 6 [20480/60000 (34%)]	Loss: 0.000665
Train Epoch: 6 [21120/60000 (35%)]	Loss: 0.039019
Train Epoch: 6 [21760/60000 (36%)]	Loss: 0.006936
Train Epoch: 6 [22400/60000 (37%)]	Loss: 0.005848
Train Epoch: 6 [23040/60000 (38%)]	Loss: 0.111140
Train Epoch: 6 [23680/60000 (39%)]	Loss: 0.038148
Train Epoch: 6 [24320/60000 (41%)]	Loss: 0.000430
Train Epoch: 6 [24960/60000 (42%)]	Loss: 0.002638
Train Epoch: 6 [25600/60000 (43%)]	Loss: 0.022214
Train Epoch: 6 [26240/60000 (44%)]	Loss: 0.006928
Train Epoch: 6 [26880/60000 (45%)]	Loss: 0.048470
Train Epoch: 6 [27520/60000 (46%)]	Loss: 0.063866
Train Epoch: 6 [28160/60000 (47%)]	Loss: 0.049731
Train Epoch: 6 [28800/60000 (48%)]	Loss: 0.011755
Train Epoch: 6 [29440/60000 (49%)]	Loss: 0.034265
Train Epoch: 6 [30080/60000 (50%)]	Loss: 0.040975
Train Epoch: 6 [30720/60000 (51%)]	Loss: 0.004027
Train Epoch: 6 [31360/60000 (52%)]	Loss: 0.038928
Train Epoch: 6 [32000/60000 (53%)]	Loss: 0.015216
Train Epoch: 6 [32640/60000 (54%)]	Loss: 0.072741
Train Epoch: 6 [33280/60000 (55%)]	Loss: 0.031225
Train Epoch: 6 [33920/60000 (57%)]	Loss: 0.001459
Train Epoch: 6 [34560/60000 (58%)]	Loss: 0.009182
Train Epoch: 6 [35200/60000 (59%)]	Loss: 0.181469
Train Epoch: 6 [35840/60000 (60%)]	Loss: 0.001922
Train Epoch: 6 [36480/60000 (61%)]	Loss: 0.001946
Train Epoch: 6 [37120/60000 (62%)]	Loss: 0.018940
Train Epoch: 6 [37760/60000 (63%)]	Loss: 0.058700
Train Epoch: 6 [38400/60000 (64%)]	Loss: 0.093586
Train Epoch: 6 [39040/60000 (65%)]	Loss: 0.000547
Train Epoch: 6 [39680/60000 (66%)]	Loss: 0.020931
Train Epoch: 6 [40320/60000 (67%)]	Loss: 0.034173
Train Epoch: 6 [40960/60000 (68%)]	Loss: 0.072729
Train Epoch: 6 [41600/60000 (69%)]	Loss: 0.008175
Train Epoch: 6 [42240/60000 (70%)]	Loss: 0.011895
Train Epoch: 6 [42880/60000 (71%)]	Loss: 0.001253
Train Epoch: 6 [43520/60000 (72%)]	Loss: 0.012164
Train Epoch: 6 [44160/60000 (74%)]	Loss: 0.017940
Train Epoch: 6 [44800/60000 (75%)]	Loss: 0.010278
Train Epoch: 6 [45440/60000 (76%)]	Loss: 0.012325
Train Epoch: 6 [46080/60000 (77%)]	Loss: 0.068790
Train Epoch: 6 [46720/60000 (78%)]	Loss: 0.031225
Train Epoch: 6 [47360/60000 (79%)]	Loss: 0.021385
Train Epoch: 6 [48000/60000 (80%)]	Loss: 0.014591
Train Epoch: 6 [48640/60000 (81%)]	Loss: 0.074245
Train Epoch: 6 [49280/60000 (82%)]	Loss: 0.034385
Train Epoch: 6 [49920/60000 (83%)]	Loss: 0.006399
Train Epoch: 6 [50560/60000 (84%)]	Loss: 0.024752
Train Epoch: 6 [51200/60000 (85%)]	Loss: 0.126958
Train Epoch: 6 [51840/60000 (86%)]	Loss: 0.020440
Train Epoch: 6 [52480/60000 (87%)]	Loss: 0.002896
Train Epoch: 6 [53120/60000 (88%)]	Loss: 0.018666
Train Epoch: 6 [53760/60000 (90%)]	Loss: 0.088643
Train Epoch: 6 [54400/60000 (91%)]	Loss: 0.003303
Train Epoch: 6 [55040/60000 (92%)]	Loss: 0.004165
Train Epoch: 6 [55680/60000 (93%)]	Loss: 0.103429
Train Epoch: 6 [56320/60000 (94%)]	Loss: 0.005516
Train Epoch: 6 [56960/60000 (95%)]	Loss: 0.005167
Train Epoch: 6 [57600/60000 (96%)]	Loss: 0.004803
Train Epoch: 6 [58240/60000 (97%)]	Loss: 0.009232
Train Epoch: 6 [58880/60000 (98%)]	Loss: 0.002957
Train Epoch: 6 [59520/60000 (99%)]	Loss: 0.000073

Test set: Average loss: 0.0304, Accuracy: 9896/10000 (99%)

Train Epoch: 7 [0/60000 (0%)]	Loss: 0.009513
Train Epoch: 7 [640/60000 (1%)]	Loss: 0.001983
Train Epoch: 7 [1280/60000 (2%)]	Loss: 0.006110
Train Epoch: 7 [1920/60000 (3%)]	Loss: 0.066748
Train Epoch: 7 [2560/60000 (4%)]	Loss: 0.005119
Train Epoch: 7 [3200/60000 (5%)]	Loss: 0.013768
Train Epoch: 7 [3840/60000 (6%)]	Loss: 0.001368
Train Epoch: 7 [4480/60000 (7%)]	Loss: 0.011197
Train Epoch: 7 [5120/60000 (9%)]	Loss: 0.043104
Train Epoch: 7 [5760/60000 (10%)]	Loss: 0.014773
Train Epoch: 7 [6400/60000 (11%)]	Loss: 0.175639
Train Epoch: 7 [7040/60000 (12%)]	Loss: 0.081289
Train Epoch: 7 [7680/60000 (13%)]	Loss: 0.012222
Train Epoch: 7 [8320/60000 (14%)]	Loss: 0.001504
Train Epoch: 7 [8960/60000 (15%)]	Loss: 0.017173
Train Epoch: 7 [9600/60000 (16%)]	Loss: 0.021224
Train Epoch: 7 [10240/60000 (17%)]	Loss: 0.083897
Train Epoch: 7 [10880/60000 (18%)]	Loss: 0.000255
Train Epoch: 7 [11520/60000 (19%)]	Loss: 0.006107
Train Epoch: 7 [12160/60000 (20%)]	Loss: 0.081300
Train Epoch: 7 [12800/60000 (21%)]	Loss: 0.014958
Train Epoch: 7 [13440/60000 (22%)]	Loss: 0.007503
Train Epoch: 7 [14080/60000 (23%)]	Loss: 0.011028
Train Epoch: 7 [14720/60000 (25%)]	Loss: 0.043411
Train Epoch: 7 [15360/60000 (26%)]	Loss: 0.015490
Train Epoch: 7 [16000/60000 (27%)]	Loss: 0.027349
Train Epoch: 7 [16640/60000 (28%)]	Loss: 0.036143
Train Epoch: 7 [17280/60000 (29%)]	Loss: 0.001767
Train Epoch: 7 [17920/60000 (30%)]	Loss: 0.010399
Train Epoch: 7 [18560/60000 (31%)]	Loss: 0.017371
Train Epoch: 7 [19200/60000 (32%)]	Loss: 0.041603
Train Epoch: 7 [19840/60000 (33%)]	Loss: 0.088806
Train Epoch: 7 [20480/60000 (34%)]	Loss: 0.002439
Train Epoch: 7 [21120/60000 (35%)]	Loss: 0.045866
Train Epoch: 7 [21760/60000 (36%)]	Loss: 0.015956
Train Epoch: 7 [22400/60000 (37%)]	Loss: 0.001071
Train Epoch: 7 [23040/60000 (38%)]	Loss: 0.083887
Train Epoch: 7 [23680/60000 (39%)]	Loss: 0.027996
Train Epoch: 7 [24320/60000 (41%)]	Loss: 0.000976
Train Epoch: 7 [24960/60000 (42%)]	Loss: 0.000157
Train Epoch: 7 [25600/60000 (43%)]	Loss: 0.014685
Train Epoch: 7 [26240/60000 (44%)]	Loss: 0.001692
Train Epoch: 7 [26880/60000 (45%)]	Loss: 0.056266
Train Epoch: 7 [27520/60000 (46%)]	Loss: 0.016124
Train Epoch: 7 [28160/60000 (47%)]	Loss: 0.002988
Train Epoch: 7 [28800/60000 (48%)]	Loss: 0.002577
Train Epoch: 7 [29440/60000 (49%)]	Loss: 0.042144
Train Epoch: 7 [30080/60000 (50%)]	Loss: 0.004341
Train Epoch: 7 [30720/60000 (51%)]	Loss: 0.001884
Train Epoch: 7 [31360/60000 (52%)]	Loss: 0.037541
Train Epoch: 7 [32000/60000 (53%)]	Loss: 0.082520
Train Epoch: 7 [32640/60000 (54%)]	Loss: 0.007398
Train Epoch: 7 [33280/60000 (55%)]	Loss: 0.035382
Train Epoch: 7 [33920/60000 (57%)]	Loss: 0.001045
Train Epoch: 7 [34560/60000 (58%)]	Loss: 0.041879
Train Epoch: 7 [35200/60000 (59%)]	Loss: 0.179060
Train Epoch: 7 [35840/60000 (60%)]	Loss: 0.055783
Train Epoch: 7 [36480/60000 (61%)]	Loss: 0.004708
Train Epoch: 7 [37120/60000 (62%)]	Loss: 0.002593
Train Epoch: 7 [37760/60000 (63%)]	Loss: 0.019527
Train Epoch: 7 [38400/60000 (64%)]	Loss: 0.036404
Train Epoch: 7 [39040/60000 (65%)]	Loss: 0.001250
Train Epoch: 7 [39680/60000 (66%)]	Loss: 0.016507
Train Epoch: 7 [40320/60000 (67%)]	Loss: 0.014325
Train Epoch: 7 [40960/60000 (68%)]	Loss: 0.007532
Train Epoch: 7 [41600/60000 (69%)]	Loss: 0.012954
Train Epoch: 7 [42240/60000 (70%)]	Loss: 0.005728
Train Epoch: 7 [42880/60000 (71%)]	Loss: 0.002696
Train Epoch: 7 [43520/60000 (72%)]	Loss: 0.001785
Train Epoch: 7 [44160/60000 (74%)]	Loss: 0.001735
Train Epoch: 7 [44800/60000 (75%)]	Loss: 0.006211
Train Epoch: 7 [45440/60000 (76%)]	Loss: 0.012652
Train Epoch: 7 [46080/60000 (77%)]	Loss: 0.007238
Train Epoch: 7 [46720/60000 (78%)]	Loss: 0.066541
Train Epoch: 7 [47360/60000 (79%)]	Loss: 0.018873
Train Epoch: 7 [48000/60000 (80%)]	Loss: 0.004156
Train Epoch: 7 [48640/60000 (81%)]	Loss: 0.020222
Train Epoch: 7 [49280/60000 (82%)]	Loss: 0.007013
Train Epoch: 7 [49920/60000 (83%)]	Loss: 0.014669
Train Epoch: 7 [50560/60000 (84%)]	Loss: 0.036578
Train Epoch: 7 [51200/60000 (85%)]	Loss: 0.061887
Train Epoch: 7 [51840/60000 (86%)]	Loss: 0.026325
Train Epoch: 7 [52480/60000 (87%)]	Loss: 0.001524
Train Epoch: 7 [53120/60000 (88%)]	Loss: 0.003684
Train Epoch: 7 [53760/60000 (90%)]	Loss: 0.124587
Train Epoch: 7 [54400/60000 (91%)]	Loss: 0.002325
Train Epoch: 7 [55040/60000 (92%)]	Loss: 0.002645
Train Epoch: 7 [55680/60000 (93%)]	Loss: 0.009764
Train Epoch: 7 [56320/60000 (94%)]	Loss: 0.014188
Train Epoch: 7 [56960/60000 (95%)]	Loss: 0.002098
Train Epoch: 7 [57600/60000 (96%)]	Loss: 0.071096
Train Epoch: 7 [58240/60000 (97%)]	Loss: 0.007156
Train Epoch: 7 [58880/60000 (98%)]	Loss: 0.002588
Train Epoch: 7 [59520/60000 (99%)]	Loss: 0.000214

Test set: Average loss: 0.0281, Accuracy: 9905/10000 (99%)

Train Epoch: 8 [0/60000 (0%)]	Loss: 0.012825
Train Epoch: 8 [640/60000 (1%)]	Loss: 0.003617
Train Epoch: 8 [1280/60000 (2%)]	Loss: 0.024660
Train Epoch: 8 [1920/60000 (3%)]	Loss: 0.031346
Train Epoch: 8 [2560/60000 (4%)]	Loss: 0.002786
Train Epoch: 8 [3200/60000 (5%)]	Loss: 0.017436
Train Epoch: 8 [3840/60000 (6%)]	Loss: 0.004643
Train Epoch: 8 [4480/60000 (7%)]	Loss: 0.001096
Train Epoch: 8 [5120/60000 (9%)]	Loss: 0.123025
Train Epoch: 8 [5760/60000 (10%)]	Loss: 0.025201
Train Epoch: 8 [6400/60000 (11%)]	Loss: 0.064421
Train Epoch: 8 [7040/60000 (12%)]	Loss: 0.144690
Train Epoch: 8 [7680/60000 (13%)]	Loss: 0.010725
Train Epoch: 8 [8320/60000 (14%)]	Loss: 0.008177
Train Epoch: 8 [8960/60000 (15%)]	Loss: 0.004845
Train Epoch: 8 [9600/60000 (16%)]	Loss: 0.074796
Train Epoch: 8 [10240/60000 (17%)]	Loss: 0.072873
Train Epoch: 8 [10880/60000 (18%)]	Loss: 0.003483
Train Epoch: 8 [11520/60000 (19%)]	Loss: 0.058610
Train Epoch: 8 [12160/60000 (20%)]	Loss: 0.053959
Train Epoch: 8 [12800/60000 (21%)]	Loss: 0.005344
Train Epoch: 8 [13440/60000 (22%)]	Loss: 0.004428
Train Epoch: 8 [14080/60000 (23%)]	Loss: 0.083492
Train Epoch: 8 [14720/60000 (25%)]	Loss: 0.046239
Train Epoch: 8 [15360/60000 (26%)]	Loss: 0.001388
Train Epoch: 8 [16000/60000 (27%)]	Loss: 0.008152
Train Epoch: 8 [16640/60000 (28%)]	Loss: 0.052971
Train Epoch: 8 [17280/60000 (29%)]	Loss: 0.009003
Train Epoch: 8 [17920/60000 (30%)]	Loss: 0.010284
Train Epoch: 8 [18560/60000 (31%)]	Loss: 0.011307
Train Epoch: 8 [19200/60000 (32%)]	Loss: 0.002734
Train Epoch: 8 [19840/60000 (33%)]	Loss: 0.007801
Train Epoch: 8 [20480/60000 (34%)]	Loss: 0.000399
Train Epoch: 8 [21120/60000 (35%)]	Loss: 0.030870
Train Epoch: 8 [21760/60000 (36%)]	Loss: 0.002411
Train Epoch: 8 [22400/60000 (37%)]	Loss: 0.031202
Train Epoch: 8 [23040/60000 (38%)]	Loss: 0.043230
Train Epoch: 8 [23680/60000 (39%)]	Loss: 0.051883
Train Epoch: 8 [24320/60000 (41%)]	Loss: 0.000933
Train Epoch: 8 [24960/60000 (42%)]	Loss: 0.015320
Train Epoch: 8 [25600/60000 (43%)]	Loss: 0.004548
Train Epoch: 8 [26240/60000 (44%)]	Loss: 0.003001
Train Epoch: 8 [26880/60000 (45%)]	Loss: 0.013623
Train Epoch: 8 [27520/60000 (46%)]	Loss: 0.073834
Train Epoch: 8 [28160/60000 (47%)]	Loss: 0.018854
Train Epoch: 8 [28800/60000 (48%)]	Loss: 0.012863
Train Epoch: 8 [29440/60000 (49%)]	Loss: 0.006166
Train Epoch: 8 [30080/60000 (50%)]	Loss: 0.007503
Train Epoch: 8 [30720/60000 (51%)]	Loss: 0.035713
Train Epoch: 8 [31360/60000 (52%)]	Loss: 0.009219
Train Epoch: 8 [32000/60000 (53%)]	Loss: 0.005420
Train Epoch: 8 [32640/60000 (54%)]	Loss: 0.004510
Train Epoch: 8 [33280/60000 (55%)]	Loss: 0.026399
Train Epoch: 8 [33920/60000 (57%)]	Loss: 0.001101
Train Epoch: 8 [34560/60000 (58%)]	Loss: 0.024438
Train Epoch: 8 [35200/60000 (59%)]	Loss: 0.146857
Train Epoch: 8 [35840/60000 (60%)]	Loss: 0.020101
Train Epoch: 8 [36480/60000 (61%)]	Loss: 0.009241
Train Epoch: 8 [37120/60000 (62%)]	Loss: 0.001586
Train Epoch: 8 [37760/60000 (63%)]	Loss: 0.042532
Train Epoch: 8 [38400/60000 (64%)]	Loss: 0.060227
Train Epoch: 8 [39040/60000 (65%)]	Loss: 0.007203
Train Epoch: 8 [39680/60000 (66%)]	Loss: 0.071893
Train Epoch: 8 [40320/60000 (67%)]	Loss: 0.015606
Train Epoch: 8 [40960/60000 (68%)]	Loss: 0.043950
Train Epoch: 8 [41600/60000 (69%)]	Loss: 0.020788
Train Epoch: 8 [42240/60000 (70%)]	Loss: 0.010972
Train Epoch: 8 [42880/60000 (71%)]	Loss: 0.011750
Train Epoch: 8 [43520/60000 (72%)]	Loss: 0.026254
Train Epoch: 8 [44160/60000 (74%)]	Loss: 0.008286
Train Epoch: 8 [44800/60000 (75%)]	Loss: 0.030947
Train Epoch: 8 [45440/60000 (76%)]	Loss: 0.004839
Train Epoch: 8 [46080/60000 (77%)]	Loss: 0.006957
Train Epoch: 8 [46720/60000 (78%)]	Loss: 0.021796
Train Epoch: 8 [47360/60000 (79%)]	Loss: 0.050911
Train Epoch: 8 [48000/60000 (80%)]	Loss: 0.005010
Train Epoch: 8 [48640/60000 (81%)]	Loss: 0.003618
Train Epoch: 8 [49280/60000 (82%)]	Loss: 0.002744
Train Epoch: 8 [49920/60000 (83%)]	Loss: 0.048943
Train Epoch: 8 [50560/60000 (84%)]	Loss: 0.038603
Train Epoch: 8 [51200/60000 (85%)]	Loss: 0.079122
Train Epoch: 8 [51840/60000 (86%)]	Loss: 0.000436
Train Epoch: 8 [52480/60000 (87%)]	Loss: 0.002875
Train Epoch: 8 [53120/60000 (88%)]	Loss: 0.011021
Train Epoch: 8 [53760/60000 (90%)]	Loss: 0.048697
Train Epoch: 8 [54400/60000 (91%)]	Loss: 0.078034
Train Epoch: 8 [55040/60000 (92%)]	Loss: 0.007941
Train Epoch: 8 [55680/60000 (93%)]	Loss: 0.010808
Train Epoch: 8 [56320/60000 (94%)]	Loss: 0.002176
Train Epoch: 8 [56960/60000 (95%)]	Loss: 0.002507
Train Epoch: 8 [57600/60000 (96%)]	Loss: 0.007237
Train Epoch: 8 [58240/60000 (97%)]	Loss: 0.001143
Train Epoch: 8 [58880/60000 (98%)]	Loss: 0.000185
Train Epoch: 8 [59520/60000 (99%)]	Loss: 0.000949

Test set: Average loss: 0.0275, Accuracy: 9911/10000 (99%)

Train Epoch: 9 [0/60000 (0%)]	Loss: 0.004788
Train Epoch: 9 [640/60000 (1%)]	Loss: 0.000934
Train Epoch: 9 [1280/60000 (2%)]	Loss: 0.006473
Train Epoch: 9 [1920/60000 (3%)]	Loss: 0.012206
Train Epoch: 9 [2560/60000 (4%)]	Loss: 0.042086
Train Epoch: 9 [3200/60000 (5%)]	Loss: 0.027931
Train Epoch: 9 [3840/60000 (6%)]	Loss: 0.000421
Train Epoch: 9 [4480/60000 (7%)]	Loss: 0.051996
Train Epoch: 9 [5120/60000 (9%)]	Loss: 0.021264
Train Epoch: 9 [5760/60000 (10%)]	Loss: 0.003129
Train Epoch: 9 [6400/60000 (11%)]	Loss: 0.128655
Train Epoch: 9 [7040/60000 (12%)]	Loss: 0.145536
Train Epoch: 9 [7680/60000 (13%)]	Loss: 0.017581
Train Epoch: 9 [8320/60000 (14%)]	Loss: 0.008281
Train Epoch: 9 [8960/60000 (15%)]	Loss: 0.010467
Train Epoch: 9 [9600/60000 (16%)]	Loss: 0.009689
Train Epoch: 9 [10240/60000 (17%)]	Loss: 0.218828
Train Epoch: 9 [10880/60000 (18%)]	Loss: 0.012874
Train Epoch: 9 [11520/60000 (19%)]	Loss: 0.013880
Train Epoch: 9 [12160/60000 (20%)]	Loss: 0.031896
Train Epoch: 9 [12800/60000 (21%)]	Loss: 0.043148
Train Epoch: 9 [13440/60000 (22%)]	Loss: 0.000217
Train Epoch: 9 [14080/60000 (23%)]	Loss: 0.023955
Train Epoch: 9 [14720/60000 (25%)]	Loss: 0.047520
Train Epoch: 9 [15360/60000 (26%)]	Loss: 0.024603
Train Epoch: 9 [16000/60000 (27%)]	Loss: 0.007984
Train Epoch: 9 [16640/60000 (28%)]	Loss: 0.052883
Train Epoch: 9 [17280/60000 (29%)]	Loss: 0.000202
Train Epoch: 9 [17920/60000 (30%)]	Loss: 0.033326
Train Epoch: 9 [18560/60000 (31%)]	Loss: 0.004259
Train Epoch: 9 [19200/60000 (32%)]	Loss: 0.030278
Train Epoch: 9 [19840/60000 (33%)]	Loss: 0.082793
Train Epoch: 9 [20480/60000 (34%)]	Loss: 0.001247
Train Epoch: 9 [21120/60000 (35%)]	Loss: 0.005347
Train Epoch: 9 [21760/60000 (36%)]	Loss: 0.012343
Train Epoch: 9 [22400/60000 (37%)]	Loss: 0.001743
Train Epoch: 9 [23040/60000 (38%)]	Loss: 0.081316
Train Epoch: 9 [23680/60000 (39%)]	Loss: 0.083311
Train Epoch: 9 [24320/60000 (41%)]	Loss: 0.000517
Train Epoch: 9 [24960/60000 (42%)]	Loss: 0.000868
Train Epoch: 9 [25600/60000 (43%)]	Loss: 0.003006
Train Epoch: 9 [26240/60000 (44%)]	Loss: 0.008723
Train Epoch: 9 [26880/60000 (45%)]	Loss: 0.027473
Train Epoch: 9 [27520/60000 (46%)]	Loss: 0.043511
Train Epoch: 9 [28160/60000 (47%)]	Loss: 0.027812
Train Epoch: 9 [28800/60000 (48%)]	Loss: 0.055471
Train Epoch: 9 [29440/60000 (49%)]	Loss: 0.007851
Train Epoch: 9 [30080/60000 (50%)]	Loss: 0.003657
Train Epoch: 9 [30720/60000 (51%)]	Loss: 0.006227
Train Epoch: 9 [31360/60000 (52%)]	Loss: 0.006177
Train Epoch: 9 [32000/60000 (53%)]	Loss: 0.021594
Train Epoch: 9 [32640/60000 (54%)]	Loss: 0.081039
Train Epoch: 9 [33280/60000 (55%)]	Loss: 0.009661
Train Epoch: 9 [33920/60000 (57%)]	Loss: 0.000439
Train Epoch: 9 [34560/60000 (58%)]	Loss: 0.030932
Train Epoch: 9 [35200/60000 (59%)]	Loss: 0.145817
Train Epoch: 9 [35840/60000 (60%)]	Loss: 0.027506
Train Epoch: 9 [36480/60000 (61%)]	Loss: 0.004378
Train Epoch: 9 [37120/60000 (62%)]	Loss: 0.028096

Train Epoch: 9 [37760/60000 (63%)]	Loss: 0.026463
Train Epoch: 9 [38400/60000 (64%)]	Loss: 0.057613
Train Epoch: 9 [39040/60000 (65%)]	Loss: 0.033984
Train Epoch: 9 [39680/60000 (66%)]	Loss: 0.017634
Train Epoch: 9 [40320/60000 (67%)]	Loss: 0.011631
Train Epoch: 9 [40960/60000 (68%)]	Loss: 0.035442
Train Epoch: 9 [41600/60000 (69%)]	Loss: 0.018838
Train Epoch: 9 [42240/60000 (70%)]	Loss: 0.006415
Train Epoch: 9 [42880/60000 (71%)]	Loss: 0.004786
Train Epoch: 9 [43520/60000 (72%)]	Loss: 0.071609
Train Epoch: 9 [44160/60000 (74%)]	Loss: 0.002233
Train Epoch: 9 [44800/60000 (75%)]	Loss: 0.062756
Train Epoch: 9 [45440/60000 (76%)]	Loss: 0.013115
Train Epoch: 9 [46080/60000 (77%)]	Loss: 0.024422
Train Epoch: 9 [46720/60000 (78%)]	Loss: 0.024533
Train Epoch: 9 [47360/60000 (79%)]	Loss: 0.061156
Train Epoch: 9 [48000/60000 (80%)]	Loss: 0.003578
Train Epoch: 9 [48640/60000 (81%)]	Loss: 0.002638
Train Epoch: 9 [49280/60000 (82%)]	Loss: 0.001340
Train Epoch: 9 [49920/60000 (83%)]	Loss: 0.004050
Train Epoch: 9 [50560/60000 (84%)]	Loss: 0.017420
Train Epoch: 9 [51200/60000 (85%)]	Loss: 0.014651
Train Epoch: 9 [51840/60000 (86%)]	Loss: 0.003703
Train Epoch: 9 [52480/60000 (87%)]	Loss: 0.006883
Train Epoch: 9 [53120/60000 (88%)]	Loss: 0.003010
Train Epoch: 9 [53760/60000 (90%)]	Loss: 0.089395
Train Epoch: 9 [54400/60000 (91%)]	Loss: 0.003133
Train Epoch: 9 [55040/60000 (92%)]	Loss: 0.015295
Train Epoch: 9 [55680/60000 (93%)]	Loss: 0.004795
Train Epoch: 9 [56320/60000 (94%)]	Loss: 0.003712
Train Epoch: 9 [56960/60000 (95%)]	Loss: 0.015716
Train Epoch: 9 [57600/60000 (96%)]	Loss: 0.060911
Train Epoch: 9 [58240/60000 (97%)]	Loss: 0.004842
Train Epoch: 9 [58880/60000 (98%)]	Loss: 0.002540
Train Epoch: 9 [59520/60000 (99%)]	Loss: 0.000469

Test set: Average loss: 0.0259, Accuracy: 9914/10000 (99%)

Train Epoch: 10 [0/60000 (0%)]	Loss: 0.005531
Train Epoch: 10 [640/60000 (1%)]	Loss: 0.016165
Train Epoch: 10 [1280/60000 (2%)]	Loss: 0.023826
Train Epoch: 10 [1920/60000 (3%)]	Loss: 0.009763
Train Epoch: 10 [2560/60000 (4%)]	Loss: 0.002595
Train Epoch: 10 [3200/60000 (5%)]	Loss: 0.004897
Train Epoch: 10 [3840/60000 (6%)]	Loss: 0.002663
Train Epoch: 10 [4480/60000 (7%)]	Loss: 0.002984
Train Epoch: 10 [5120/60000 (9%)]	Loss: 0.018088
Train Epoch: 10 [5760/60000 (10%)]	Loss: 0.024611
Train Epoch: 10 [6400/60000 (11%)]	Loss: 0.108500
Train Epoch: 10 [7040/60000 (12%)]	Loss: 0.097595
Train Epoch: 10 [7680/60000 (13%)]	Loss: 0.033157
Train Epoch: 10 [8320/60000 (14%)]	Loss: 0.006480
Train Epoch: 10 [8960/60000 (15%)]	Loss: 0.017925
Train Epoch: 10 [9600/60000 (16%)]	Loss: 0.110735
Train Epoch: 10 [10240/60000 (17%)]	Loss: 0.039361
Train Epoch: 10 [10880/60000 (18%)]	Loss: 0.002262
Train Epoch: 10 [11520/60000 (19%)]	Loss: 0.041574
Train Epoch: 10 [12160/60000 (20%)]	Loss: 0.034347
Train Epoch: 10 [12800/60000 (21%)]	Loss: 0.015182
Train Epoch: 10 [13440/60000 (22%)]	Loss: 0.001572
Train Epoch: 10 [14080/60000 (23%)]	Loss: 0.002473
Train Epoch: 10 [14720/60000 (25%)]	Loss: 0.005815
Train Epoch: 10 [15360/60000 (26%)]	Loss: 0.002751
Train Epoch: 10 [16000/60000 (27%)]	Loss: 0.032147
Train Epoch: 10 [16640/60000 (28%)]	Loss: 0.179219
Train Epoch: 10 [17280/60000 (29%)]	Loss: 0.002455
Train Epoch: 10 [17920/60000 (30%)]	Loss: 0.011094
Train Epoch: 10 [18560/60000 (31%)]	Loss: 0.036519
Train Epoch: 10 [19200/60000 (32%)]	Loss: 0.019272
Train Epoch: 10 [19840/60000 (33%)]	Loss: 0.085617
Train Epoch: 10 [20480/60000 (34%)]	Loss: 0.002197
Train Epoch: 10 [21120/60000 (35%)]	Loss: 0.056642
Train Epoch: 10 [21760/60000 (36%)]	Loss: 0.049798
Train Epoch: 10 [22400/60000 (37%)]	Loss: 0.000944
Train Epoch: 10 [23040/60000 (38%)]	Loss: 0.050223
Train Epoch: 10 [23680/60000 (39%)]	Loss: 0.022968
Train Epoch: 10 [24320/60000 (41%)]	Loss: 0.003660
Train Epoch: 10 [24960/60000 (42%)]	Loss: 0.000297
Train Epoch: 10 [25600/60000 (43%)]	Loss: 0.018819
Train Epoch: 10 [26240/60000 (44%)]	Loss: 0.000681
Train Epoch: 10 [26880/60000 (45%)]	Loss: 0.012746
Train Epoch: 10 [27520/60000 (46%)]	Loss: 0.071379
Train Epoch: 10 [28160/60000 (47%)]	Loss: 0.066761
Train Epoch: 10 [28800/60000 (48%)]	Loss: 0.003152
Train Epoch: 10 [29440/60000 (49%)]	Loss: 0.010792
Train Epoch: 10 [30080/60000 (50%)]	Loss: 0.031498
Train Epoch: 10 [30720/60000 (51%)]	Loss: 0.005932
Train Epoch: 10 [31360/60000 (52%)]	Loss: 0.010141
Train Epoch: 10 [32000/60000 (53%)]	Loss: 0.002109
Train Epoch: 10 [32640/60000 (54%)]	Loss: 0.006741
Train Epoch: 10 [33280/60000 (55%)]	Loss: 0.009658
Train Epoch: 10 [33920/60000 (57%)]	Loss: 0.000448
Train Epoch: 10 [34560/60000 (58%)]	Loss: 0.032092
Train Epoch: 10 [35200/60000 (59%)]	Loss: 0.118624
Train Epoch: 10 [35840/60000 (60%)]	Loss: 0.121825
Train Epoch: 10 [36480/60000 (61%)]	Loss: 0.013290
Train Epoch: 10 [37120/60000 (62%)]	Loss: 0.003488
Train Epoch: 10 [37760/60000 (63%)]	Loss: 0.087245
Train Epoch: 10 [38400/60000 (64%)]	Loss: 0.047066
Train Epoch: 10 [39040/60000 (65%)]	Loss: 0.009557
Train Epoch: 10 [39680/60000 (66%)]	Loss: 0.005519
Train Epoch: 10 [40320/60000 (67%)]	Loss: 0.006434
Train Epoch: 10 [40960/60000 (68%)]	Loss: 0.051999
Train Epoch: 10 [41600/60000 (69%)]	Loss: 0.002524
Train Epoch: 10 [42240/60000 (70%)]	Loss: 0.021884
Train Epoch: 10 [42880/60000 (71%)]	Loss: 0.001372
Train Epoch: 10 [43520/60000 (72%)]	Loss: 0.091133
Train Epoch: 10 [44160/60000 (74%)]	Loss: 0.001177
Train Epoch: 10 [44800/60000 (75%)]	Loss: 0.045579
Train Epoch: 10 [45440/60000 (76%)]	Loss: 0.059098
Train Epoch: 10 [46080/60000 (77%)]	Loss: 0.022091
Train Epoch: 10 [46720/60000 (78%)]	Loss: 0.049486
Train Epoch: 10 [47360/60000 (79%)]	Loss: 0.022387
Train Epoch: 10 [48000/60000 (80%)]	Loss: 0.020064
Train Epoch: 10 [48640/60000 (81%)]	Loss: 0.007612
Train Epoch: 10 [49280/60000 (82%)]	Loss: 0.031856
Train Epoch: 10 [49920/60000 (83%)]	Loss: 0.014919
Train Epoch: 10 [50560/60000 (84%)]	Loss: 0.061828
Train Epoch: 10 [51200/60000 (85%)]	Loss: 0.133535
Train Epoch: 10 [51840/60000 (86%)]	Loss: 0.004311
Train Epoch: 10 [52480/60000 (87%)]	Loss: 0.000730
Train Epoch: 10 [53120/60000 (88%)]	Loss: 0.057102
Train Epoch: 10 [53760/60000 (90%)]	Loss: 0.037840
Train Epoch: 10 [54400/60000 (91%)]	Loss: 0.052703
Train Epoch: 10 [55040/60000 (92%)]	Loss: 0.008125
Train Epoch: 10 [55680/60000 (93%)]	Loss: 0.016768
Train Epoch: 10 [56320/60000 (94%)]	Loss: 0.006127
Train Epoch: 10 [56960/60000 (95%)]	Loss: 0.002979
Train Epoch: 10 [57600/60000 (96%)]	Loss: 0.008117
Train Epoch: 10 [58240/60000 (97%)]	Loss: 0.000956
Train Epoch: 10 [58880/60000 (98%)]	Loss: 0.000458
Train Epoch: 10 [59520/60000 (99%)]	Loss: 0.000336

Test set: Average loss: 0.0261, Accuracy: 9916/10000 (99%)

