==PROF== Target process 27074 terminated before first instrumented API call.
==PROF== Target process 27075 terminated before first instrumented API call.
==PROF== Connected to process 27072 (/opt/conda/bin/python3.7)
==PROF== Profiling "implicit_convolve_sgemm" - 1: 0%....50%....100% - 3 passes
==PROF== Profiling "elementwise_kernel" - 2: 0%....50%....100% - 3 passes
==PROF== Profiling "vectorized_elementwise_kernel" - 3: 0%....50%....100% - 3 passes
==PROF== Profiling "computeOffsetsKernel" - 4: 0%....50%....100% - 3 passes
==PROF== Profiling "volta_scudnn_128x64_relu_inte..." - 5: 0%....50%....100% - 3 passes
==PROF== Profiling "elementwise_kernel" - 6: 0%....50%....100% - 3 passes
==PROF== Target process 27099 terminated before first instrumented API call.
==PROF== Disconnected from process 27072
[27072] python3.7@127.0.0.1
  void cudnn::detail::implicit_convolve_sgemm<float, float, 1024, 5, 5, 3, 3, 3, 1, true, false, true>(int, int, int, float const*, int, float*, float*, kernel_conv_params, int, float, float, int, float*, float*, int, int), 2022-May-03 03:28:23, Context 1, Stream 7
    Section: Command line profiler metrics
    ---------------------------------------------------------------------- --------------- ------------------------------
    dram__bytes_read.sum                                                             Mbyte                          27.87
    dram__bytes_write.sum                                                            Mbyte                          75.70
    smsp__sass_thread_inst_executed_op_dadd_pred_on.sum                               inst                              0
    smsp__sass_thread_inst_executed_op_dfma_pred_on.sum                               inst                              0
    smsp__sass_thread_inst_executed_op_dmul_pred_on.sum                               inst                              0
    smsp__sass_thread_inst_executed_op_fadd_pred_on.sum                               inst                              0
    smsp__sass_thread_inst_executed_op_ffma_pred_on.sum                               inst                      177209344
    smsp__sass_thread_inst_executed_op_fmul_pred_on.sum                               inst                       11075584
    smsp__sass_thread_inst_executed_op_hadd_pred_on.sum                               inst                              0
    smsp__sass_thread_inst_executed_op_hfma_pred_on.sum                               inst                              0
    smsp__sass_thread_inst_executed_op_hmul_pred_on.sum                               inst                              0
    ---------------------------------------------------------------------- --------------- ------------------------------

  void at::native::elementwise_kernel<128, 2, at::native::gpu_kernel_impl<at::native::BinaryFunctor<float, float, float, at::native::AddFunctor<float> > >(at::TensorIteratorBase&, at::native::BinaryFunctor<float, float, float, at::native::AddFunctor<float> > const&)::{lambda(int)#1}>(int, at::native::gpu_kernel_impl<at::native::BinaryFunctor<float, float, float, at::native::AddFunctor<float> > >(at::TensorIteratorBase&, at::native::BinaryFunctor<float, float, float, at::native::AddFunctor<float> > const&)::{lambda(int)#1}), 2022-May-03 03:28:24, Context 1, Stream 7
    Section: Command line profiler metrics
    ---------------------------------------------------------------------- --------------- ------------------------------
    dram__bytes_read.sum                                                             Mbyte                          44.31
    dram__bytes_write.sum                                                            Mbyte                          41.16
    smsp__sass_thread_inst_executed_op_dadd_pred_on.sum                               inst                              0
    smsp__sass_thread_inst_executed_op_dfma_pred_on.sum                               inst                              0
    smsp__sass_thread_inst_executed_op_dmul_pred_on.sum                               inst                              0
    smsp__sass_thread_inst_executed_op_fadd_pred_on.sum                               inst                              0
    smsp__sass_thread_inst_executed_op_ffma_pred_on.sum                               inst                       11075584
    smsp__sass_thread_inst_executed_op_fmul_pred_on.sum                               inst                              0
    smsp__sass_thread_inst_executed_op_hadd_pred_on.sum                               inst                              0
    smsp__sass_thread_inst_executed_op_hfma_pred_on.sum                               inst                              0
    smsp__sass_thread_inst_executed_op_hmul_pred_on.sum                               inst                              0
    ---------------------------------------------------------------------- --------------- ------------------------------

  void at::native::vectorized_elementwise_kernel<4, at::native::(anonymous namespace)::launch_clamp_scalar(at::TensorIteratorBase&, c10::Scalar, c10::Scalar, at::native::detail::ClampLimits)::{lambda()#1}::operator()() const::{lambda()#8}::operator()() const::{lambda(float)#1}, at::detail::Array<char*, 2> >(int, at::native::(anonymous namespace)::launch_clamp_scalar(at::TensorIteratorBase&, c10::Scalar, c10::Scalar, at::native::detail::ClampLimits)::{lambda()#1}::operator()() const::{lambda()#8}::operator()() const::{lambda(float)#1}, at::detail::Array<char*, 2>), 2022-May-03 03:28:24, Context 1, Stream 7
    Section: Command line profiler metrics
    ---------------------------------------------------------------------- --------------- ------------------------------
    dram__bytes_read.sum                                                             Mbyte                          44.31
    dram__bytes_write.sum                                                            Mbyte                          41.17
    smsp__sass_thread_inst_executed_op_dadd_pred_on.sum                               inst                              0
    smsp__sass_thread_inst_executed_op_dfma_pred_on.sum                               inst                              0
    smsp__sass_thread_inst_executed_op_dmul_pred_on.sum                               inst                              0
    smsp__sass_thread_inst_executed_op_fadd_pred_on.sum                               inst                              0
    smsp__sass_thread_inst_executed_op_ffma_pred_on.sum                               inst                              0
    smsp__sass_thread_inst_executed_op_fmul_pred_on.sum                               inst                              0
    smsp__sass_thread_inst_executed_op_hadd_pred_on.sum                               inst                              0
    smsp__sass_thread_inst_executed_op_hfma_pred_on.sum                               inst                              0
    smsp__sass_thread_inst_executed_op_hmul_pred_on.sum                               inst                              0
    ---------------------------------------------------------------------- --------------- ------------------------------

  cudnn::gemm::computeOffsetsKernel(cudnn::gemm::ComputeOffsetsParams), 2022-May-03 03:28:25, Context 1, Stream 7
    Section: Command line profiler metrics
    ---------------------------------------------------------------------- --------------- ------------------------------
    dram__bytes_read.sum                                                             Kbyte                           3.30
    dram__bytes_write.sum                                                             byte                              0
    smsp__sass_thread_inst_executed_op_dadd_pred_on.sum                               inst                              0
    smsp__sass_thread_inst_executed_op_dfma_pred_on.sum                               inst                              0
    smsp__sass_thread_inst_executed_op_dmul_pred_on.sum                               inst                              0
    smsp__sass_thread_inst_executed_op_fadd_pred_on.sum                               inst                              0
    smsp__sass_thread_inst_executed_op_ffma_pred_on.sum                               inst                              0
    smsp__sass_thread_inst_executed_op_fmul_pred_on.sum                               inst                              0
    smsp__sass_thread_inst_executed_op_hadd_pred_on.sum                               inst                              0
    smsp__sass_thread_inst_executed_op_hfma_pred_on.sum                               inst                              0
    smsp__sass_thread_inst_executed_op_hmul_pred_on.sum                               inst                              0
    ---------------------------------------------------------------------- --------------- ------------------------------

  volta_scudnn_128x64_relu_interior_nn_v1, 2022-May-03 03:28:25, Context 1, Stream 7
    Section: Command line profiler metrics
    ---------------------------------------------------------------------- --------------- ------------------------------
    dram__bytes_read.sum                                                             Mbyte                          45.39
    dram__bytes_write.sum                                                            Mbyte                          72.39
    smsp__sass_thread_inst_executed_op_dadd_pred_on.sum                               inst                              0
    smsp__sass_thread_inst_executed_op_dfma_pred_on.sum                               inst                              0
    smsp__sass_thread_inst_executed_op_dmul_pred_on.sum                               inst                              0
    smsp__sass_thread_inst_executed_op_fadd_pred_on.sum                               inst                       18874368
    smsp__sass_thread_inst_executed_op_ffma_pred_on.sum                               inst                     5435817984
    smsp__sass_thread_inst_executed_op_fmul_pred_on.sum                               inst                       18874368
    smsp__sass_thread_inst_executed_op_hadd_pred_on.sum                               inst                              0
    smsp__sass_thread_inst_executed_op_hfma_pred_on.sum                               inst                              0
    smsp__sass_thread_inst_executed_op_hmul_pred_on.sum                               inst                              0
    ---------------------------------------------------------------------- --------------- ------------------------------

  void at::native::elementwise_kernel<128, 2, at::native::gpu_kernel_impl<at::native::BinaryFunctor<float, float, float, at::native::AddFunctor<float> > >(at::TensorIteratorBase&, at::native::BinaryFunctor<float, float, float, at::native::AddFunctor<float> > const&)::{lambda(int)#1}>(int, at::native::gpu_kernel_impl<at::native::BinaryFunctor<float, float, float, at::native::AddFunctor<float> > >(at::TensorIteratorBase&, at::native::BinaryFunctor<float, float, float, at::native::AddFunctor<float> > const&)::{lambda(int)#1}), 2022-May-03 03:28:26, Context 1, Stream 7
    Section: Command line profiler metrics
    ---------------------------------------------------------------------- --------------- ------------------------------
    dram__bytes_read.sum                                                             Mbyte                          75.51
    dram__bytes_write.sum                                                            Mbyte                          72.35
    smsp__sass_thread_inst_executed_op_dadd_pred_on.sum                               inst                              0
    smsp__sass_thread_inst_executed_op_dfma_pred_on.sum                               inst                              0
    smsp__sass_thread_inst_executed_op_dmul_pred_on.sum                               inst                              0
    smsp__sass_thread_inst_executed_op_fadd_pred_on.sum                               inst                              0
    smsp__sass_thread_inst_executed_op_ffma_pred_on.sum                               inst                       18874368
    smsp__sass_thread_inst_executed_op_fmul_pred_on.sum                               inst                              0
    smsp__sass_thread_inst_executed_op_hadd_pred_on.sum                               inst                              0
    smsp__sass_thread_inst_executed_op_hfma_pred_on.sum                               inst                              0
    smsp__sass_thread_inst_executed_op_hmul_pred_on.sum                               inst                              0
    ---------------------------------------------------------------------- --------------- ------------------------------

